<?xml version="1.0" encoding="UTF-8"?>
<testng-results ignored="0" total="6" passed="6" failed="0" skipped="0">
  <reporter-output>
  </reporter-output>
  <suite started-at="2023-07-22T23:30:38 IST" name="Default suite" finished-at="2023-07-22T23:31:03 IST" duration-ms="25461">
    <groups>
      <group name="cucumber">
        <method signature="AbstractTestNGCucumberTests.runScenario(io.cucumber.testng.PickleWrapper,io.cucumber.testng.FeatureWrapper)[pri:0, instance:Runner.run@441772e]" name="runScenario" class="io.cucumber.testng.AbstractTestNGCucumberTests"/>
      </group> <!-- cucumber -->
    </groups>
    <test started-at="2023-07-22T23:30:38 IST" name="Default test" finished-at="2023-07-22T23:31:03 IST" duration-ms="25461">
      <class name="Runner.run">
        <test-method is-config="true" signature="setUpClass(org.testng.ITestContext)[pri:0, instance:Runner.run@441772e]" started-at="2023-07-22T23:30:38 IST" name="setUpClass" finished-at="2023-07-22T23:30:38 IST" duration-ms="689" status="PASS">
          <params>
            <param index="0">
              <value>
                <![CDATA[org.testng.TestRunner@762405bf]]>
              </value>
            </param>
          </params>
          <reporter-output>
          </reporter-output>
        </test-method> <!-- setUpClass -->
        <test-method signature="runScenario(io.cucumber.testng.PickleWrapper,io.cucumber.testng.FeatureWrapper)[pri:0, instance:Runner.run@441772e]" started-at="2023-07-22T23:30:38 IST" name="runScenario" description="Runs Cucumber Scenarios" data-provider="scenarios" finished-at="2023-07-22T23:30:44 IST" duration-ms="5071" status="PASS">
          <params>
            <param index="0">
              <value>
                <![CDATA["Create Incident with String Body"]]>
              </value>
            </param>
            <param index="1">
              <value>
                <![CDATA["Incidents"]]>
              </value>
            </param>
          </params>
          <reporter-output>
          </reporter-output>
        </test-method> <!-- runScenario -->
        <test-method signature="runScenario(io.cucumber.testng.PickleWrapper,io.cucumber.testng.FeatureWrapper)[pri:0, instance:Runner.run@441772e]" started-at="2023-07-22T23:30:44 IST" name="runScenario" description="Runs Cucumber Scenarios" data-provider="scenarios" finished-at="2023-07-22T23:30:47 IST" duration-ms="3789" status="PASS">
          <params>
            <param index="0">
              <value>
                <![CDATA["Get all Incident wih QueryParam"]]>
              </value>
            </param>
            <param index="1">
              <value>
                <![CDATA["Incidents"]]>
              </value>
            </param>
          </params>
          <reporter-output>
          </reporter-output>
        </test-method> <!-- runScenario -->
        <test-method signature="runScenario(io.cucumber.testng.PickleWrapper,io.cucumber.testng.FeatureWrapper)[pri:0, instance:Runner.run@441772e]" started-at="2023-07-22T23:30:47 IST" name="runScenario" description="Runs Cucumber Scenarios" data-provider="scenarios" finished-at="2023-07-22T23:30:51 IST" duration-ms="3719" status="PASS">
          <params>
            <param index="0">
              <value>
                <![CDATA["Get all Incident wih QueryParam sysparamlimit"]]>
              </value>
            </param>
            <param index="1">
              <value>
                <![CDATA["Incidents"]]>
              </value>
            </param>
          </params>
          <reporter-output>
          </reporter-output>
        </test-method> <!-- runScenario -->
        <test-method signature="runScenario(io.cucumber.testng.PickleWrapper,io.cucumber.testng.FeatureWrapper)[pri:0, instance:Runner.run@441772e]" started-at="2023-07-22T23:30:51 IST" name="runScenario" description="Runs Cucumber Scenarios" data-provider="scenarios" finished-at="2023-07-22T23:30:55 IST" duration-ms="3978" status="PASS">
          <params>
            <param index="0">
              <value>
                <![CDATA["Create Incident  with multiple files"]]>
              </value>
            </param>
            <param index="1">
              <value>
                <![CDATA["Incidents"]]>
              </value>
            </param>
          </params>
          <reporter-output>
          </reporter-output>
        </test-method> <!-- runScenario -->
        <test-method signature="runScenario(io.cucumber.testng.PickleWrapper,io.cucumber.testng.FeatureWrapper)[pri:0, instance:Runner.run@441772e]" started-at="2023-07-22T23:30:55 IST" name="runScenario" description="Runs Cucumber Scenarios" data-provider="scenarios" finished-at="2023-07-22T23:30:58 IST" duration-ms="3351" status="PASS">
          <params>
            <param index="0">
              <value>
                <![CDATA["Create Incident  with multiple files"]]>
              </value>
            </param>
            <param index="1">
              <value>
                <![CDATA["Incidents"]]>
              </value>
            </param>
          </params>
          <reporter-output>
          </reporter-output>
        </test-method> <!-- runScenario -->
        <test-method signature="runScenario(io.cucumber.testng.PickleWrapper,io.cucumber.testng.FeatureWrapper)[pri:0, instance:Runner.run@441772e]" started-at="2023-07-22T23:30:58 IST" name="runScenario" description="Runs Cucumber Scenarios" data-provider="scenarios" finished-at="2023-07-22T23:31:02 IST" duration-ms="3277" status="PASS">
          <params>
            <param index="0">
              <value>
                <![CDATA["Update Incident"]]>
              </value>
            </param>
            <param index="1">
              <value>
                <![CDATA["Incidents"]]>
              </value>
            </param>
          </params>
          <reporter-output>
          </reporter-output>
        </test-method> <!-- runScenario -->
        <test-method is-config="true" signature="tearDownClass()[pri:0, instance:Runner.run@441772e]" started-at="2023-07-22T23:31:02 IST" name="tearDownClass" finished-at="2023-07-22T23:31:03 IST" duration-ms="1522" status="PASS">
          <reporter-output>
          </reporter-output>
        </test-method> <!-- tearDownClass -->
      </class> <!-- Runner.run -->
    </test> <!-- Default test -->
  </suite> <!-- Default suite -->
</testng-results>
